<?xml version="1.0" encoding="UTF-8"?><testsuite errors="1" failures="0" name="Funcionalidades de ventana alerts, frame and windows" skipped="0" tests="1" time="58.51" timestamp="2022-12-19 09:44:31"><testcase name="Probar funcionalidades de alerts, time and windows"><error message="no such element: Unable to locate element: {&quot;method&quot;:&quot;xpath&quot;,&quot;selector&quot;:&quot;//*[contains(text(), 'Santiago')]&quot;}&#10;  (Session info: chrome=108.0.5359.124)&#10;For documentation on this error, please visit: https://www.seleniumhq.org/exceptions/no_such_element.html&#10;Build info: version: '3.141.59', revision: 'e82be7d358', time: '2018-11-14T08:17:03'&#10;System info: host: 'MacBook-Pro-de-Santiago.local', ip: '192.168.1.10', os.name: 'Mac OS X', os.arch: 'x86_64', os.version: '10.15.7', java.version: '17.0.3'&#10;Driver info: org.openqa.selenium.chrome.ChromeDriver&#10;Capabilities {acceptInsecureCerts: false, browserName: chrome, browserVersion: 108.0.5359.124, chrome: {chromedriverVersion: 108.0.5359.71 (1e0e3868ee06..., userDataDir: /var/folders/pp/q0jdkngj6j5...}, goog:chromeOptions: {debuggerAddress: localhost:53040}, javascriptEnabled: true, networkConnectionEnabled: false, pageLoadStrategy: normal, platform: MAC, platformName: MAC, proxy: Proxy(), setWindowRect: true, strictFileInteractability: false, timeouts: {implicit: 0, pageLoad: 300000, script: 30000}, unhandledPromptBehavior: ignore, webauthn:extension:credBlob: true, webauthn:extension:largeBlob: true, webauthn:virtualAuthenticators: true}&#10;Session ID: 520c6d0264918a53a3660dccda82b6bb&#10;*** Element info: {Using=xpath, value=//*[contains(text(), 'Santiago')]}" type="java.lang.AssertionError">no such element: Unable to locate element: {"method":"xpath","selector":"//*[contains(text(), 'Santiago')]"}
  (Session info: chrome=108.0.5359.124)
For documentation on this error, please visit: https://www.seleniumhq.org/exceptions/no_such_element.html
Build info: version: '3.141.59', revision: 'e82be7d358', time: '2018-11-14T08:17:03'
System info: host: 'MacBook-Pro-de-Santiago.local', ip: '192.168.1.10', os.name: 'Mac OS X', os.arch: 'x86_64', os.version: '10.15.7', java.version: '17.0.3'
Driver info: org.openqa.selenium.chrome.ChromeDriver
Capabilities {acceptInsecureCerts: false, browserName: chrome, browserVersion: 108.0.5359.124, chrome: {chromedriverVersion: 108.0.5359.71 (1e0e3868ee06..., userDataDir: /var/folders/pp/q0jdkngj6j5...}, goog:chromeOptions: {debuggerAddress: localhost:53040}, javascriptEnabled: true, networkConnectionEnabled: false, pageLoadStrategy: normal, platform: MAC, platformName: MAC, proxy: Proxy(), setWindowRect: true, strictFileInteractability: false, timeouts: {implicit: 0, pageLoad: 300000, script: 30000}, unhandledPromptBehavior: ignore, webauthn:extension:credBlob: true, webauthn:extension:largeBlob: true, webauthn:virtualAuthenticators: true}
Session ID: 520c6d0264918a53a3660dccda82b6bb
*** Element info: {Using=xpath, value=//*[contains(text(), 'Santiago')]}</error><system-err>no such element: Unable to locate element: {"method":"xpath","selector":"//*[contains(text(), 'Santiago')]"}
  (Session info: chrome=108.0.5359.124)
For documentation on this error, please visit: https://www.seleniumhq.org/exceptions/no_such_element.html
Build info: version: '3.141.59', revision: 'e82be7d358', time: '2018-11-14T08:17:03'
System info: host: 'MacBook-Pro-de-Santiago.local', ip: '192.168.1.10', os.name: 'Mac OS X', os.arch: 'x86_64', os.version: '10.15.7', java.version: '17.0.3'
Driver info: org.openqa.selenium.chrome.ChromeDriver
Capabilities {acceptInsecureCerts: false, browserName: chrome, browserVersion: 108.0.5359.124, chrome: {chromedriverVersion: 108.0.5359.71 (1e0e3868ee06..., userDataDir: /var/folders/pp/q0jdkngj6j5...}, goog:chromeOptions: {debuggerAddress: localhost:53040}, javascriptEnabled: true, networkConnectionEnabled: false, pageLoadStrategy: normal, platform: MAC, platformName: MAC, proxy: Proxy(), setWindowRect: true, strictFileInteractability: false, timeouts: {implicit: 0, pageLoad: 300000, script: 30000}, unhandledPromptBehavior: ignore, webauthn:extension:credBlob: true, webauthn:extension:largeBlob: true, webauthn:virtualAuthenticators: true}
Session ID: 520c6d0264918a53a3660dccda82b6bb
*** Element info: {Using=xpath, value=//*[contains(text(), 'Santiago')]}
com.sophos.stepdefinitions.AlertsStepdefinitions.validaQueSeIngresoElTexto(AlertsStepdefinitions.java:40)
✽.Valida que se ingreso el texto "Santiago"(file:///Users/santiagorenteriamontoya/Desktop/DWFS/RetoSophos/src/test/resources/com.sophos/features/alerts.feature:13)
</system-err></testcase></testsuite>